<?xml version="1.0" encoding="UTF-8"?>
<!-- Generated by org.testng.reporters.JUnitXMLReporter -->
<testsuite ignored="0" hostname="Netow-Admin-4" failures="0" tests="4" name="Default test" time="308.516" errors="0" timestamp="2024-02-26T15:20:38 WAT">
  <testcase classname="testcase.Login" name="LoginTest" time="21.967"/>
  <testcase classname="testcase.Login" name="LoginTest" time="24.868"/>
  <testcase classname="testcase.Login" name="LoginTest" time="23.476"/>
  <testcase classname="testcase.Login" name="LoginTest" time="27.754"/>
</testsuite> <!-- Default test -->
