<?xml version="1.0" encoding="UTF-8"?>
<testng-results ignored="0" total="4" passed="4" failed="0" skipped="0">
  <reporter-output>
  </reporter-output>
  <suite started-at="2024-02-26T15:15:29 WAT" name="Default suite" finished-at="2024-02-26T15:20:38 WAT" duration-ms="308516">
    <groups>
    </groups>
    <test started-at="2024-02-26T15:15:29 WAT" name="Default test" finished-at="2024-02-26T15:20:38 WAT" duration-ms="308516">
      <class name="testcase.Login">
        <test-method is-config="true" signature="seUp()[pri:0, instance:testcase.Login@6253c26]" started-at="2024-02-26T15:15:36 WAT" name="seUp" finished-at="2024-02-26T15:16:22 WAT" duration-ms="46012" status="PASS">
          <reporter-output>
          </reporter-output>
        </test-method> <!-- seUp -->
        <test-method signature="LoginTest(java.lang.String,java.lang.String)[pri:1, instance:testcase.Login@6253c26]" started-at="2024-02-26T15:16:22 WAT" name="LoginTest" data-provider="testdatas" finished-at="2024-02-26T15:16:44 WAT" duration-ms="21967" status="PASS">
          <params>
            <param index="0">
              <value>
                <![CDATA[funmilayoakinwale02@gmail.com]]>
              </value>
            </param>
            <param index="1">
              <value>
                <![CDATA[62626562]]>
              </value>
            </param>
          </params>
          <reporter-output>
          </reporter-output>
        </test-method> <!-- LoginTest -->
        <test-method is-config="true" signature="tearDown()[pri:0, instance:testcase.Login@6253c26]" started-at="2024-02-26T15:16:44 WAT" name="tearDown" finished-at="2024-02-26T15:16:49 WAT" duration-ms="5261" status="PASS">
          <reporter-output>
          </reporter-output>
        </test-method> <!-- tearDown -->
        <test-method is-config="true" signature="seUp()[pri:0, instance:testcase.Login@6253c26]" started-at="2024-02-26T15:16:49 WAT" name="seUp" finished-at="2024-02-26T15:17:25 WAT" duration-ms="36368" status="PASS">
          <reporter-output>
          </reporter-output>
        </test-method> <!-- seUp -->
        <test-method signature="LoginTest(java.lang.String,java.lang.String)[pri:1, instance:testcase.Login@6253c26]" started-at="2024-02-26T15:17:25 WAT" name="LoginTest" data-provider="testdatas" finished-at="2024-02-26T15:17:50 WAT" duration-ms="24868" status="PASS">
          <params>
            <param index="0">
              <value>
                <![CDATA[funmayoakinwale02@gmail.co]]>
              </value>
            </param>
            <param index="1">
              <value>
                <![CDATA[626262]]>
              </value>
            </param>
          </params>
          <reporter-output>
          </reporter-output>
        </test-method> <!-- LoginTest -->
        <test-method is-config="true" signature="tearDown()[pri:0, instance:testcase.Login@6253c26]" started-at="2024-02-26T15:17:50 WAT" name="tearDown" finished-at="2024-02-26T15:17:53 WAT" duration-ms="2982" status="PASS">
          <reporter-output>
          </reporter-output>
        </test-method> <!-- tearDown -->
        <test-method is-config="true" signature="seUp()[pri:0, instance:testcase.Login@6253c26]" started-at="2024-02-26T15:17:53 WAT" name="seUp" finished-at="2024-02-26T15:18:42 WAT" duration-ms="48638" status="PASS">
          <reporter-output>
          </reporter-output>
        </test-method> <!-- seUp -->
        <test-method signature="LoginTest(java.lang.String,java.lang.String)[pri:1, instance:testcase.Login@6253c26]" started-at="2024-02-26T15:18:42 WAT" name="LoginTest" data-provider="testdatas" finished-at="2024-02-26T15:19:05 WAT" duration-ms="23476" status="PASS">
          <params>
            <param index="0">
              <value>
                <![CDATA[funmilayoakinwale02@gmail.co]]>
              </value>
            </param>
            <param index="1">
              <value>
                <![CDATA[123]]>
              </value>
            </param>
          </params>
          <reporter-output>
          </reporter-output>
        </test-method> <!-- LoginTest -->
        <test-method is-config="true" signature="tearDown()[pri:0, instance:testcase.Login@6253c26]" started-at="2024-02-26T15:19:05 WAT" name="tearDown" finished-at="2024-02-26T15:19:12 WAT" duration-ms="6311" status="PASS">
          <reporter-output>
          </reporter-output>
        </test-method> <!-- tearDown -->
        <test-method is-config="true" signature="seUp()[pri:0, instance:testcase.Login@6253c26]" started-at="2024-02-26T15:19:12 WAT" name="seUp" finished-at="2024-02-26T15:20:07 WAT" duration-ms="55664" status="PASS">
          <reporter-output>
          </reporter-output>
        </test-method> <!-- seUp -->
        <test-method signature="LoginTest()[pri:2, instance:testcase.Login@6253c26]" started-at="2024-02-26T15:20:07 WAT" name="LoginTest" finished-at="2024-02-26T15:20:35 WAT" duration-ms="27754" status="PASS">
          <reporter-output>
          </reporter-output>
        </test-method> <!-- LoginTest -->
        <test-method is-config="true" signature="tearDown()[pri:0, instance:testcase.Login@6253c26]" started-at="2024-02-26T15:20:35 WAT" name="tearDown" finished-at="2024-02-26T15:20:38 WAT" duration-ms="2765" status="PASS">
          <reporter-output>
          </reporter-output>
        </test-method> <!-- tearDown -->
      </class> <!-- testcase.Login -->
    </test> <!-- Default test -->
  </suite> <!-- Default suite -->
</testng-results>
